# JRE version: Java(TM) SE Runtime Environment (8.0_181-b13) (build 1.8.0_181-b13)
# Java VM: Java HotSpot(TM) 64-Bit Server VM (25.181-b13 mixed mode windows-amd64 compressed oops)
Heap:
 PSYoungGen      total 208384K, used 146785K [0x00000000d5580000, 0x00000000e5980000, 0x0000000100000000)
  eden space 201216K, 69% used [0x00000000d5580000,0x00000000dde39d60,0x00000000e1a00000)
  from space 7168K, 94% used [0x00000000e5280000,0x00000000e591e718,0x00000000e5980000)
  to   space 8704K, 0% used [0x00000000e4880000,0x00000000e4880000,0x00000000e5100000)
 ParOldGen       total 35328K, used 10961K [0x0000000080000000, 0x0000000082280000, 0x00000000d5580000)
  object space 35328K, 31% used [0x0000000080000000,0x0000000080ab47a8,0x0000000082280000)
 Metaspace       used 29184K, capacity 29922K, committed 30080K, reserved 1075200K
  class space    used 3464K, capacity 3661K, committed 3712K, reserved 1048576K
GC Heap History (10 events):
Event: 8.837 GC heap before
{Heap before GC invocations=5 (full 0):
 PSYoungGen      total 66048K, used 66034K [0x00000000d5580000, 0x00000000d9880000, 0x0000000100000000)
  eden space 63488K, 100% used [0x00000000d5580000,0x00000000d9380000,0x00000000d9380000)
  from space 2560K, 99% used [0x00000000d9600000,0x00000000d987c950,0x00000000d9880000)
  to   space 2560K, 0% used [0x00000000d9380000,0x00000000d9380000,0x00000000d9600000)
 ParOldGen       total 42496K, used 4579K [0x0000000080000000, 0x0000000082980000, 0x00000000d5580000)
  object space 42496K, 10% used [0x0000000080000000,0x0000000080478c30,0x0000000082980000)
 Metaspace       used 12431K, capacity 12618K, committed 12928K, reserved 1060864K
  class space    used 1298K, capacity 1376K, committed 1408K, reserved 1048576K
Event: 8.897 GC heap after
Heap after GC invocations=5 (full 0):
 PSYoungGen      total 66048K, used 2548K [0x00000000d5580000, 0x00000000ddc80000, 0x0000000100000000)
  eden space 63488K, 0% used [0x00000000d5580000,0x00000000d5580000,0x00000000d9380000)
  from space 2560K, 99% used [0x00000000d9380000,0x00000000d95fd0b0,0x00000000d9600000)
  to   space 5632K, 0% used [0x00000000dd700000,0x00000000dd700000,0x00000000ddc80000)
 ParOldGen       total 42496K, used 6487K [0x0000000080000000, 0x0000000082980000, 0x00000000d5580000)
  object space 42496K, 15% used [0x0000000080000000,0x0000000080655e40,0x0000000082980000)
 Metaspace       used 12431K, capacity 12618K, committed 12928K, reserved 1060864K
  class space    used 1298K, capacity 1376K, committed 1408K, reserved 1048576K
}
Event: 13.769 GC heap before
{Heap before GC invocations=6 (full 0):
 PSYoungGen      total 66048K, used 66036K [0x00000000d5580000, 0x00000000ddc80000, 0x0000000100000000)
  eden space 63488K, 100% used [0x00000000d5580000,0x00000000d9380000,0x00000000d9380000)
  from space 2560K, 99% used [0x00000000d9380000,0x00000000d95fd0b0,0x00000000d9600000)
  to   space 5632K, 0% used [0x00000000dd700000,0x00000000dd700000,0x00000000ddc80000)
 ParOldGen       total 42496K, used 6487K [0x0000000080000000, 0x0000000082980000, 0x00000000d5580000)
  object space 42496K, 15% used [0x0000000080000000,0x0000000080655e40,0x0000000082980000)
 Metaspace       used 17493K, capacity 17694K, committed 17920K, reserved 1064960K
  class space    used 1913K, capacity 2006K, committed 2048K, reserved 1048576K
Event: 13.816 GC heap after
Heap after GC invocations=6 (full 0):
 PSYoungGen      total 131072K, used 5602K [0x00000000d5580000, 0x00000000ddf80000, 0x0000000100000000)
  eden space 125440K, 0% used [0x00000000d5580000,0x00000000d5580000,0x00000000dd000000)
  from space 5632K, 99% used [0x00000000dd700000,0x00000000ddc78a58,0x00000000ddc80000)
  to   space 7168K, 0% used [0x00000000dd000000,0x00000000dd000000,0x00000000dd700000)
 ParOldGen       total 42496K, used 7849K [0x0000000080000000, 0x0000000082980000, 0x00000000d5580000)
  object space 42496K, 18% used [0x0000000080000000,0x00000000807aa500,0x0000000082980000)
 Metaspace       used 17493K, capacity 17694K, committed 17920K, reserved 1064960K
  class space    used 1913K, capacity 2006K, committed 2048K, reserved 1048576K
}
Event: 17.365 GC heap before
{Heap before GC invocations=7 (full 0):
 PSYoungGen      total 131072K, used 60676K [0x00000000d5580000, 0x00000000ddf80000, 0x0000000100000000)
  eden space 125440K, 43% used [0x00000000d5580000,0x00000000d8b486b8,0x00000000dd000000)
  from space 5632K, 99% used [0x00000000dd700000,0x00000000ddc78a58,0x00000000ddc80000)
  to   space 7168K, 0% used [0x00000000dd000000,0x00000000dd000000,0x00000000dd700000)
 ParOldGen       total 42496K, used 7849K [0x0000000080000000, 0x0000000082980000, 0x00000000d5580000)
  object space 42496K, 18% used [0x0000000080000000,0x00000000807aa500,0x0000000082980000)
 Metaspace       used 20773K, capacity 21056K, committed 21248K, reserved 1069056K
  class space    used 2327K, capacity 2463K, committed 2560K, reserved 1048576K
Event: 17.401 GC heap after
Heap after GC invocations=7 (full 0):
 PSYoungGen      total 132608K, used 6935K [0x00000000d5580000, 0x00000000e5a80000, 0x0000000100000000)
  eden space 125440K, 0% used [0x00000000d5580000,0x00000000d5580000,0x00000000dd000000)
  from space 7168K, 96% used [0x00000000dd000000,0x00000000dd6c5eb8,0x00000000dd700000)
  to   space 8192K, 0% used [0x00000000e5280000,0x00000000e5280000,0x00000000e5a80000)
 ParOldGen       total 42496K, used 8774K [0x0000000080000000, 0x0000000082980000, 0x00000000d5580000)
  object space 42496K, 20% used [0x0000000080000000,0x0000000080891ac8,0x0000000082980000)
 Metaspace       used 20773K, capacity 21056K, committed 21248K, reserved 1069056K
  class space    used 2327K, capacity 2463K, committed 2560K, reserved 1048576K
}
Event: 17.402 GC heap before
{Heap before GC invocations=8 (full 1):
 PSYoungGen      total 132608K, used 6935K [0x00000000d5580000, 0x00000000e5a80000, 0x0000000100000000)
  eden space 125440K, 0% used [0x00000000d5580000,0x00000000d5580000,0x00000000dd000000)
  from space 7168K, 96% used [0x00000000dd000000,0x00000000dd6c5eb8,0x00000000dd700000)
  to   space 8192K, 0% used [0x00000000e5280000,0x00000000e5280000,0x00000000e5a80000)
 ParOldGen       total 42496K, used 8774K [0x0000000080000000, 0x0000000082980000, 0x00000000d5580000)
  object space 42496K, 20% used [0x0000000080000000,0x0000000080891ac8,0x0000000082980000)
 Metaspace       used 20773K, capacity 21056K, committed 21248K, reserved 1069056K
  class space    used 2327K, capacity 2463K, committed 2560K, reserved 1048576K
Event: 17.567 GC heap after
Heap after GC invocations=8 (full 1):
 PSYoungGen      total 132608K, used 0K [0x00000000d5580000, 0x00000000e5a80000, 0x0000000100000000)
  eden space 125440K, 0% used [0x00000000d5580000,0x00000000d5580000,0x00000000dd000000)
  from space 7168K, 0% used [0x00000000dd000000,0x00000000dd000000,0x00000000dd700000)
  to   space 8192K, 0% used [0x00000000e5280000,0x00000000e5280000,0x00000000e5a80000)
 ParOldGen       total 35328K, used 10953K [0x0000000080000000, 0x0000000082280000, 0x00000000d5580000)
  object space 35328K, 31% used [0x0000000080000000,0x0000000080ab27a8,0x0000000082280000)
 Metaspace       used 20773K, capacity 21056K, committed 21248K, reserved 1069056K
  class space    used 2327K, capacity 2463K, committed 2560K, reserved 1048576K
}
Event: 25.422 GC heap before
{Heap before GC invocations=9 (full 1):
 PSYoungGen      total 132608K, used 125440K [0x00000000d5580000, 0x00000000e5a80000, 0x0000000100000000)
  eden space 125440K, 100% used [0x00000000d5580000,0x00000000dd000000,0x00000000dd000000)
  from space 7168K, 0% used [0x00000000dd000000,0x00000000dd000000,0x00000000dd700000)
  to   space 8192K, 0% used [0x00000000e5280000,0x00000000e5280000,0x00000000e5a80000)
 ParOldGen       total 35328K, used 10953K [0x0000000080000000, 0x0000000082280000, 0x00000000d5580000)
  object space 35328K, 31% used [0x0000000080000000,0x0000000080ab27a8,0x0000000082280000)
 Metaspace       used 24875K, capacity 25348K, committed 25600K, reserved 1071104K
  class space    used 2832K, capacity 2984K, committed 3072K, reserved 1048576K
Event: 25.462 GC heap after
Heap after GC invocations=9 (full 1):
 PSYoungGen      total 208384K, used 6777K [0x00000000d5580000, 0x00000000e5980000, 0x0000000100000000)
  eden space 201216K, 0% used [0x00000000d5580000,0x00000000d5580000,0x00000000e1a00000)
  from space 7168K, 94% used [0x00000000e5280000,0x00000000e591e718,0x00000000e5980000)
  to   space 8704K, 0% used [0x00000000e4880000,0x00000000e4880000,0x00000000e5100000)
 ParOldGen       total 35328K, used 10961K [0x0000000080000000, 0x0000000082280000, 0x00000000d5580000)
  object space 35328K, 31% used [0x0000000080000000,0x0000000080ab47a8,0x0000000082280000)
 Metaspace       used 24875K, capacity 25348K, committed 25600K, reserved 1071104K
  class space    used 2832K, capacity 2984K, committed 3072K, reserved 1048576K
}

