# JRE version: Java(TM) SE Runtime Environment (8.0_181-b13) (build 1.8.0_181-b13)
# Java VM: Java HotSpot(TM) 64-Bit Server VM (25.181-b13 mixed mode windows-amd64 compressed oops)
Heap:
 PSYoungGen      total 213504K, used 63489K [0x00000000d5580000, 0x00000000e5900000, 0x0000000100000000)
  eden space 206848K, 27% used [0x00000000d5580000,0x00000000d8d0a148,0x00000000e1f80000)
  from space 6656K, 99% used [0x00000000e5280000,0x00000000e58f6390,0x00000000e5900000)
  to   space 8704K, 0% used [0x00000000e4800000,0x00000000e4800000,0x00000000e5080000)
 ParOldGen       total 34304K, used 9943K [0x0000000080000000, 0x0000000082180000, 0x00000000d5580000)
  object space 34304K, 28% used [0x0000000080000000,0x00000000809b5da8,0x0000000082180000)
 Metaspace       used 25075K, capacity 25494K, committed 25856K, reserved 1073152K
  class space    used 2843K, capacity 2986K, committed 3072K, reserved 1048576K
GC Heap History (10 events):
Event: 13.021 GC heap before
{Heap before GC invocations=5 (full 0):
 PSYoungGen      total 66048K, used 66034K [0x00000000d5580000, 0x00000000d9880000, 0x0000000100000000)
  eden space 63488K, 100% used [0x00000000d5580000,0x00000000d9380000,0x00000000d9380000)
  from space 2560K, 99% used [0x00000000d9600000,0x00000000d987c970,0x00000000d9880000)
  to   space 2560K, 0% used [0x00000000d9380000,0x00000000d9380000,0x00000000d9600000)
 ParOldGen       total 42496K, used 4635K [0x0000000080000000, 0x0000000082980000, 0x00000000d5580000)
  object space 42496K, 10% used [0x0000000080000000,0x0000000080486ea8,0x0000000082980000)
 Metaspace       used 12437K, capacity 12626K, committed 12928K, reserved 1060864K
  class space    used 1293K, capacity 1376K, committed 1408K, reserved 1048576K
Event: 13.088 GC heap after
Heap after GC invocations=5 (full 0):
 PSYoungGen      total 66048K, used 2542K [0x00000000d5580000, 0x00000000ddc80000, 0x0000000100000000)
  eden space 63488K, 0% used [0x00000000d5580000,0x00000000d5580000,0x00000000d9380000)
  from space 2560K, 99% used [0x00000000d9380000,0x00000000d95fb950,0x00000000d9600000)
  to   space 5632K, 0% used [0x00000000dd700000,0x00000000dd700000,0x00000000ddc80000)
 ParOldGen       total 42496K, used 6527K [0x0000000080000000, 0x0000000082980000, 0x00000000d5580000)
  object space 42496K, 15% used [0x0000000080000000,0x000000008065fde8,0x0000000082980000)
 Metaspace       used 12437K, capacity 12626K, committed 12928K, reserved 1060864K
  class space    used 1293K, capacity 1376K, committed 1408K, reserved 1048576K
}
Event: 18.460 GC heap before
{Heap before GC invocations=6 (full 0):
 PSYoungGen      total 66048K, used 66030K [0x00000000d5580000, 0x00000000ddc80000, 0x0000000100000000)
  eden space 63488K, 100% used [0x00000000d5580000,0x00000000d9380000,0x00000000d9380000)
  from space 2560K, 99% used [0x00000000d9380000,0x00000000d95fb950,0x00000000d9600000)
  to   space 5632K, 0% used [0x00000000dd700000,0x00000000dd700000,0x00000000ddc80000)
 ParOldGen       total 42496K, used 6527K [0x0000000080000000, 0x0000000082980000, 0x00000000d5580000)
  object space 42496K, 15% used [0x0000000080000000,0x000000008065fde8,0x0000000082980000)
 Metaspace       used 17476K, capacity 17702K, committed 17920K, reserved 1064960K
  class space    used 1909K, capacity 2006K, committed 2048K, reserved 1048576K
Event: 18.509 GC heap after
Heap after GC invocations=6 (full 0):
 PSYoungGen      total 131072K, used 5630K [0x00000000d5580000, 0x00000000ddf80000, 0x0000000100000000)
  eden space 125440K, 0% used [0x00000000d5580000,0x00000000d5580000,0x00000000dd000000)
  from space 5632K, 99% used [0x00000000dd700000,0x00000000ddc7f870,0x00000000ddc80000)
  to   space 7168K, 0% used [0x00000000dd000000,0x00000000dd000000,0x00000000dd700000)
 ParOldGen       total 42496K, used 7895K [0x0000000080000000, 0x0000000082980000, 0x00000000d5580000)
  object space 42496K, 18% used [0x0000000080000000,0x00000000807b5d90,0x0000000082980000)
 Metaspace       used 17476K, capacity 17702K, committed 17920K, reserved 1064960K
  class space    used 1909K, capacity 2006K, committed 2048K, reserved 1048576K
}
Event: 21.597 GC heap before
{Heap before GC invocations=7 (full 0):
 PSYoungGen      total 131072K, used 62924K [0x00000000d5580000, 0x00000000ddf80000, 0x0000000100000000)
  eden space 125440K, 45% used [0x00000000d5580000,0x00000000d8d73978,0x00000000dd000000)
  from space 5632K, 99% used [0x00000000dd700000,0x00000000ddc7f870,0x00000000ddc80000)
  to   space 7168K, 0% used [0x00000000dd000000,0x00000000dd000000,0x00000000dd700000)
 ParOldGen       total 42496K, used 7895K [0x0000000080000000, 0x0000000082980000, 0x00000000d5580000)
  object space 42496K, 18% used [0x0000000080000000,0x00000000807b5d90,0x0000000082980000)
 Metaspace       used 20897K, capacity 21160K, committed 21296K, reserved 1069056K
  class space    used 2340K, capacity 2431K, committed 2432K, reserved 1048576K
Event: 21.636 GC heap after
Heap after GC invocations=7 (full 0):
 PSYoungGen      total 132608K, used 6995K [0x00000000d5580000, 0x00000000e5a80000, 0x0000000100000000)
  eden space 125440K, 0% used [0x00000000d5580000,0x00000000d5580000,0x00000000dd000000)
  from space 7168K, 97% used [0x00000000dd000000,0x00000000dd6d4e20,0x00000000dd700000)
  to   space 8192K, 0% used [0x00000000e5280000,0x00000000e5280000,0x00000000e5a80000)
 ParOldGen       total 42496K, used 8973K [0x0000000080000000, 0x0000000082980000, 0x00000000d5580000)
  object space 42496K, 21% used [0x0000000080000000,0x00000000808c3578,0x0000000082980000)
 Metaspace       used 20897K, capacity 21160K, committed 21296K, reserved 1069056K
  class space    used 2340K, capacity 2431K, committed 2432K, reserved 1048576K
}
Event: 21.636 GC heap before
{Heap before GC invocations=8 (full 1):
 PSYoungGen      total 132608K, used 6995K [0x00000000d5580000, 0x00000000e5a80000, 0x0000000100000000)
  eden space 125440K, 0% used [0x00000000d5580000,0x00000000d5580000,0x00000000dd000000)
  from space 7168K, 97% used [0x00000000dd000000,0x00000000dd6d4e20,0x00000000dd700000)
  to   space 8192K, 0% used [0x00000000e5280000,0x00000000e5280000,0x00000000e5a80000)
 ParOldGen       total 42496K, used 8973K [0x0000000080000000, 0x0000000082980000, 0x00000000d5580000)
  object space 42496K, 21% used [0x0000000080000000,0x00000000808c3578,0x0000000082980000)
 Metaspace       used 20897K, capacity 21160K, committed 21296K, reserved 1069056K
  class space    used 2340K, capacity 2431K, committed 2432K, reserved 1048576K
Event: 21.797 GC heap after
Heap after GC invocations=8 (full 1):
 PSYoungGen      total 132608K, used 0K [0x00000000d5580000, 0x00000000e5a80000, 0x0000000100000000)
  eden space 125440K, 0% used [0x00000000d5580000,0x00000000d5580000,0x00000000dd000000)
  from space 7168K, 0% used [0x00000000dd000000,0x00000000dd000000,0x00000000dd700000)
  to   space 8192K, 0% used [0x00000000e5280000,0x00000000e5280000,0x00000000e5a80000)
 ParOldGen       total 34304K, used 9935K [0x0000000080000000, 0x0000000082180000, 0x00000000d5580000)
  object space 34304K, 28% used [0x0000000080000000,0x00000000809b3da8,0x0000000082180000)
 Metaspace       used 20897K, capacity 21160K, committed 21296K, reserved 1069056K
  class space    used 2340K, capacity 2431K, committed 2432K, reserved 1048576K
}
Event: 33.181 GC heap before
{Heap before GC invocations=9 (full 1):
 PSYoungGen      total 132608K, used 125440K [0x00000000d5580000, 0x00000000e5a80000, 0x0000000100000000)
  eden space 125440K, 100% used [0x00000000d5580000,0x00000000dd000000,0x00000000dd000000)
  from space 7168K, 0% used [0x00000000dd000000,0x00000000dd000000,0x00000000dd700000)
  to   space 8192K, 0% used [0x00000000e5280000,0x00000000e5280000,0x00000000e5a80000)
 ParOldGen       total 34304K, used 9935K [0x0000000080000000, 0x0000000082180000, 0x00000000d5580000)
  object space 34304K, 28% used [0x0000000080000000,0x00000000809b3da8,0x0000000082180000)
 Metaspace       used 24832K, capacity 25228K, committed 25600K, reserved 1071104K
  class space    used 2828K, capacity 2984K, committed 3072K, reserved 1048576K
Event: 33.315 GC heap after
Heap after GC invocations=9 (full 1):
 PSYoungGen      total 213504K, used 6616K [0x00000000d5580000, 0x00000000e5900000, 0x0000000100000000)
  eden space 206848K, 0% used [0x00000000d5580000,0x00000000d5580000,0x00000000e1f80000)
  from space 6656K, 99% used [0x00000000e5280000,0x00000000e58f6390,0x00000000e5900000)
  to   space 8704K, 0% used [0x00000000e4800000,0x00000000e4800000,0x00000000e5080000)
 ParOldGen       total 34304K, used 9943K [0x0000000080000000, 0x0000000082180000, 0x00000000d5580000)
  object space 34304K, 28% used [0x0000000080000000,0x00000000809b5da8,0x0000000082180000)
 Metaspace       used 24832K, capacity 25228K, committed 25600K, reserved 1071104K
  class space    used 2828K, capacity 2984K, committed 3072K, reserved 1048576K
}

