# JRE version: Java(TM) SE Runtime Environment (8.0_181-b13) (build 1.8.0_181-b13)
# Java VM: Java HotSpot(TM) 64-Bit Server VM (25.181-b13 mixed mode windows-amd64 compressed oops)
Heap:
 PSYoungGen      total 132608K, used 45102K [0x00000000d5580000, 0x00000000ddf80000, 0x0000000100000000)
  eden space 125440K, 35% used [0x00000000d5580000,0x00000000d818bb78,0x00000000dd000000)
  from space 7168K, 0% used [0x00000000dd000000,0x00000000dd000000,0x00000000dd700000)
  to   space 5632K, 0% used [0x00000000dd700000,0x00000000dd700000,0x00000000ddc80000)
 ParOldGen       total 36352K, used 11026K [0x0000000080000000, 0x0000000082380000, 0x00000000d5580000)
  object space 36352K, 30% used [0x0000000080000000,0x0000000080ac4970,0x0000000082380000)
 Metaspace       used 23814K, capacity 24258K, committed 24448K, reserved 1071104K
  class space    used 2732K, capacity 2900K, committed 2944K, reserved 1048576K
GC Heap History (10 events):
Event: 7.394 GC heap before
{Heap before GC invocations=4 (full 0):
 PSYoungGen      total 34304K, used 34279K [0x00000000d5580000, 0x00000000d9880000, 0x0000000100000000)
  eden space 31744K, 100% used [0x00000000d5580000,0x00000000d7480000,0x00000000d7480000)
  from space 2560K, 99% used [0x00000000d7480000,0x00000000d76f9c58,0x00000000d7700000)
  to   space 2560K, 0% used [0x00000000d9600000,0x00000000d9600000,0x00000000d9880000)
 ParOldGen       total 42496K, used 2826K [0x0000000080000000, 0x0000000082980000, 0x00000000d5580000)
  object space 42496K, 6% used [0x0000000080000000,0x00000000802c29d8,0x0000000082980000)
 Metaspace       used 10251K, capacity 10390K, committed 10752K, reserved 1058816K
  class space    used 1145K, capacity 1209K, committed 1280K, reserved 1048576K
Event: 7.429 GC heap after
Heap after GC invocations=4 (full 0):
 PSYoungGen      total 66048K, used 2536K [0x00000000d5580000, 0x00000000d9880000, 0x0000000100000000)
  eden space 63488K, 0% used [0x00000000d5580000,0x00000000d5580000,0x00000000d9380000)
  from space 2560K, 99% used [0x00000000d9600000,0x00000000d987a0c0,0x00000000d9880000)
  to   space 2560K, 0% used [0x00000000d9380000,0x00000000d9380000,0x00000000d9600000)
 ParOldGen       total 42496K, used 4456K [0x0000000080000000, 0x0000000082980000, 0x00000000d5580000)
  object space 42496K, 10% used [0x0000000080000000,0x000000008045a3d8,0x0000000082980000)
 Metaspace       used 10251K, capacity 10390K, committed 10752K, reserved 1058816K
  class space    used 1145K, capacity 1209K, committed 1280K, reserved 1048576K
}
Event: 10.187 GC heap before
{Heap before GC invocations=5 (full 0):
 PSYoungGen      total 66048K, used 66024K [0x00000000d5580000, 0x00000000d9880000, 0x0000000100000000)
  eden space 63488K, 100% used [0x00000000d5580000,0x00000000d9380000,0x00000000d9380000)
  from space 2560K, 99% used [0x00000000d9600000,0x00000000d987a0c0,0x00000000d9880000)
  to   space 2560K, 0% used [0x00000000d9380000,0x00000000d9380000,0x00000000d9600000)
 ParOldGen       total 42496K, used 4456K [0x0000000080000000, 0x0000000082980000, 0x00000000d5580000)
  object space 42496K, 10% used [0x0000000080000000,0x000000008045a3d8,0x0000000082980000)
 Metaspace       used 12438K, capacity 12626K, committed 12928K, reserved 1060864K
  class space    used 1294K, capacity 1376K, committed 1408K, reserved 1048576K
Event: 10.199 GC heap after
Heap after GC invocations=5 (full 0):
 PSYoungGen      total 66048K, used 2544K [0x00000000d5580000, 0x00000000ddc80000, 0x0000000100000000)
  eden space 63488K, 0% used [0x00000000d5580000,0x00000000d5580000,0x00000000d9380000)
  from space 2560K, 99% used [0x00000000d9380000,0x00000000d95fc010,0x00000000d9600000)
  to   space 5632K, 0% used [0x00000000dd700000,0x00000000dd700000,0x00000000ddc80000)
 ParOldGen       total 42496K, used 6373K [0x0000000080000000, 0x0000000082980000, 0x00000000d5580000)
  object space 42496K, 14% used [0x0000000080000000,0x0000000080639460,0x0000000082980000)
 Metaspace       used 12438K, capacity 12626K, committed 12928K, reserved 1060864K
  class space    used 1294K, capacity 1376K, committed 1408K, reserved 1048576K
}
Event: 14.844 GC heap before
{Heap before GC invocations=6 (full 0):
 PSYoungGen      total 66048K, used 66032K [0x00000000d5580000, 0x00000000ddc80000, 0x0000000100000000)
  eden space 63488K, 100% used [0x00000000d5580000,0x00000000d9380000,0x00000000d9380000)
  from space 2560K, 99% used [0x00000000d9380000,0x00000000d95fc010,0x00000000d9600000)
  to   space 5632K, 0% used [0x00000000dd700000,0x00000000dd700000,0x00000000ddc80000)
 ParOldGen       total 42496K, used 6373K [0x0000000080000000, 0x0000000082980000, 0x00000000d5580000)
  object space 42496K, 14% used [0x0000000080000000,0x0000000080639460,0x0000000082980000)
 Metaspace       used 17441K, capacity 17638K, committed 17920K, reserved 1064960K
  class space    used 1903K, capacity 2006K, committed 2048K, reserved 1048576K
Event: 14.886 GC heap after
Heap after GC invocations=6 (full 0):
 PSYoungGen      total 131072K, used 5619K [0x00000000d5580000, 0x00000000ddf80000, 0x0000000100000000)
  eden space 125440K, 0% used [0x00000000d5580000,0x00000000d5580000,0x00000000dd000000)
  from space 5632K, 99% used [0x00000000dd700000,0x00000000ddc7cea0,0x00000000ddc80000)
  to   space 7168K, 0% used [0x00000000dd000000,0x00000000dd000000,0x00000000dd700000)
 ParOldGen       total 42496K, used 7647K [0x0000000080000000, 0x0000000082980000, 0x00000000d5580000)
  object space 42496K, 17% used [0x0000000080000000,0x0000000080777dc8,0x0000000082980000)
 Metaspace       used 17441K, capacity 17638K, committed 17920K, reserved 1064960K
  class space    used 1903K, capacity 2006K, committed 2048K, reserved 1048576K
}
Event: 19.219 GC heap before
{Heap before GC invocations=7 (full 0):
 PSYoungGen      total 131072K, used 63155K [0x00000000d5580000, 0x00000000ddf80000, 0x0000000100000000)
  eden space 125440K, 45% used [0x00000000d5580000,0x00000000d8daff08,0x00000000dd000000)
  from space 5632K, 99% used [0x00000000dd700000,0x00000000ddc7cea0,0x00000000ddc80000)
  to   space 7168K, 0% used [0x00000000dd000000,0x00000000dd000000,0x00000000dd700000)
 ParOldGen       total 42496K, used 7647K [0x0000000080000000, 0x0000000082980000, 0x00000000d5580000)
  object space 42496K, 17% used [0x0000000080000000,0x0000000080777dc8,0x0000000082980000)
 Metaspace       used 20909K, capacity 21160K, committed 21296K, reserved 1069056K
  class space    used 2338K, capacity 2431K, committed 2432K, reserved 1048576K
Event: 19.246 GC heap after
Heap after GC invocations=7 (full 0):
 PSYoungGen      total 132608K, used 7112K [0x00000000d5580000, 0x00000000ddf80000, 0x0000000100000000)
  eden space 125440K, 0% used [0x00000000d5580000,0x00000000d5580000,0x00000000dd000000)
  from space 7168K, 99% used [0x00000000dd000000,0x00000000dd6f22a8,0x00000000dd700000)
  to   space 5632K, 0% used [0x00000000dd700000,0x00000000dd700000,0x00000000ddc80000)
 ParOldGen       total 42496K, used 8638K [0x0000000080000000, 0x0000000082980000, 0x00000000d5580000)
  object space 42496K, 20% used [0x0000000080000000,0x000000008086f8f8,0x0000000082980000)
 Metaspace       used 20909K, capacity 21160K, committed 21296K, reserved 1069056K
  class space    used 2338K, capacity 2431K, committed 2432K, reserved 1048576K
}
Event: 19.246 GC heap before
{Heap before GC invocations=8 (full 1):
 PSYoungGen      total 132608K, used 7112K [0x00000000d5580000, 0x00000000ddf80000, 0x0000000100000000)
  eden space 125440K, 0% used [0x00000000d5580000,0x00000000d5580000,0x00000000dd000000)
  from space 7168K, 99% used [0x00000000dd000000,0x00000000dd6f22a8,0x00000000dd700000)
  to   space 5632K, 0% used [0x00000000dd700000,0x00000000dd700000,0x00000000ddc80000)
 ParOldGen       total 42496K, used 8638K [0x0000000080000000, 0x0000000082980000, 0x00000000d5580000)
  object space 42496K, 20% used [0x0000000080000000,0x000000008086f8f8,0x0000000082980000)
 Metaspace       used 20909K, capacity 21160K, committed 21296K, reserved 1069056K
  class space    used 2338K, capacity 2431K, committed 2432K, reserved 1048576K
Event: 19.427 GC heap after
Heap after GC invocations=8 (full 1):
 PSYoungGen      total 132608K, used 0K [0x00000000d5580000, 0x00000000ddf80000, 0x0000000100000000)
  eden space 125440K, 0% used [0x00000000d5580000,0x00000000d5580000,0x00000000dd000000)
  from space 7168K, 0% used [0x00000000dd000000,0x00000000dd000000,0x00000000dd700000)
  to   space 5632K, 0% used [0x00000000dd700000,0x00000000dd700000,0x00000000ddc80000)
 ParOldGen       total 36352K, used 11026K [0x0000000080000000, 0x0000000082380000, 0x00000000d5580000)
  object space 36352K, 30% used [0x0000000080000000,0x0000000080ac4970,0x0000000082380000)
 Metaspace       used 20909K, capacity 21160K, committed 21296K, reserved 1069056K
  class space    used 2338K, capacity 2431K, committed 2432K, reserved 1048576K
}

